<?xml version="1.0" encoding="UTF-8"?>
<testng-results ignored="0" total="1" passed="1" failed="0" skipped="0">
  <reporter-output>
  </reporter-output>
  <suite started-at="2021-04-29T15:30:26 IST" name="Default suite" finished-at="2021-04-29T15:32:06 IST" duration-ms="100275">
    <groups>
    </groups>
    <test started-at="2021-04-29T15:30:26 IST" name="Default test" finished-at="2021-04-29T15:32:06 IST" duration-ms="100275">
      <class name="store_name_mandatory_check">
        <test-method is-config="true" signature="beforeMethod()[pri:0, instance:store_name_mandatory_check@366647c2]" started-at="2021-04-29T15:30:26 IST" name="beforeMethod" finished-at="2021-04-29T15:31:51 IST" duration-ms="85018" status="PASS">
          <reporter-output>
          </reporter-output>
        </test-method> <!-- beforeMethod -->
        <test-method signature="test()[pri:0, instance:store_name_mandatory_check@366647c2]" started-at="2021-04-29T15:31:51 IST" name="test" finished-at="2021-04-29T15:31:58 IST" duration-ms="7428" status="PASS">
          <reporter-output>
          </reporter-output>
        </test-method> <!-- test -->
        <test-method is-config="true" signature="afterMethod()[pri:0, instance:store_name_mandatory_check@366647c2]" started-at="2021-04-29T15:31:59 IST" name="afterMethod" finished-at="2021-04-29T15:32:06 IST" duration-ms="7437" status="PASS">
          <reporter-output>
          </reporter-output>
        </test-method> <!-- afterMethod -->
      </class> <!-- store_name_mandatory_check -->
    </test> <!-- Default test -->
  </suite> <!-- Default suite -->
</testng-results>
